Sun Jul 28 05:08:35 EEST 2024 : Apache Derby Network Server - 10.10.2.0 - (1582446) started and ready to accept connections on port 1527
----------------------------------------------------------------
Sun Jul 28 05:08:35 EEST 2024:
Booting Derby version The Apache Software Foundation - Apache Derby - 10.10.2.0 - (1582446): instance a816c00e-0190-f718-c92e-ffff8616073e 
on database directory C:\Users\משתמש\Desktop\לימודים\שנה ב\JAVA\תרגיל סיכום\MyFirstWebApplication\LibraryDB with class loader sun.misc.Launcher$AppClassLoader@5e2de80c 
Loaded from file:/C:/Program%20Files/glassfish-4.1.1/javadb/lib/derby.jar
java.vendor=Temurin
java.runtime.version=1.8.0_345-b01
user.dir=C:\Program Files\glassfish-4.1.1\javadb
os.name=Windows 10
os.arch=amd64
os.version=10.0
derby.system.home=C:\Users\משתמש\Desktop\לימודים\שנה ב\JAVA\תרגיל סיכום\MyFirstWebApplication
Database Class Loader started - derby.database.classpath=''
----------------------------------------------------------------
Sun Jul 28 05:08:36 EEST 2024:
Shutting down instance a816c00e-0190-f718-c92e-ffff8616073e on database directory C:\Users\משתמש\Desktop\לימודים\שנה ב\JAVA\תרגיל סיכום\MyFirstWebApplication\LibraryDB with class loader sun.misc.Launcher$AppClassLoader@5e2de80c 
Sun Jul 28 05:08:36 EEST 2024 Thread[DRDAConnThread_3,5,main] (DATABASE = LibraryDB), (DRDAID = {2}), Database 'LibraryDB' shutdown.
----------------------------------------------------------------
Sun Jul 28 05:08:39 EEST 2024:
Booting Derby version The Apache Software Foundation - Apache Derby - 10.10.2.0 - (1582446): instance 560740aa-0190-f718-c92e-ffff8616073e 
on database directory C:\Users\משתמש\Desktop\לימודים\שנה ב\JAVA\תרגיל סיכום\MyFirstWebApplication\LibraryDB with class loader sun.misc.Launcher$AppClassLoader@5e2de80c 
Loaded from file:/C:/Program%20Files/glassfish-4.1.1/javadb/lib/derby.jar
java.vendor=Temurin
java.runtime.version=1.8.0_345-b01
user.dir=C:\Program Files\glassfish-4.1.1\javadb
os.name=Windows 10
os.arch=amd64
os.version=10.0
derby.system.home=C:\Users\משתמש\Desktop\לימודים\שנה ב\JAVA\תרגיל סיכום\MyFirstWebApplication
Database Class Loader started - derby.database.classpath=''
----------------------------------------------------------------
Sun Jul 28 06:17:13 EEST 2024: Shutting down Derby engine
----------------------------------------------------------------
Sun Jul 28 06:17:13 EEST 2024:
Shutting down instance 560740aa-0190-f718-c92e-ffff8616073e on database directory C:\Users\משתמש\Desktop\לימודים\שנה ב\JAVA\תרגיל סיכום\MyFirstWebApplication\LibraryDB with class loader sun.misc.Launcher$AppClassLoader@5e2de80c 
----------------------------------------------------------------
